<?xml version="1.0" encoding="UTF-8"?>
<!-- Generated by org.testng.reporters.JUnitReportReporter -->
<testsuite skipped="0" hostname="lenovo" name="excel_read_write.Excel" tests="1" failures="0" timestamp="10 Feb 2018 06:59:57 GMT" time="6.747" errors="0">
  <testcase name="read_data" time="6.747" classname="excel_read_write.Excel"/>
</testsuite> <!-- excel_read_write.Excel -->
