<?xml version="1.0" encoding="UTF-8"?>
<!-- Generated by org.testng.reporters.JUnitReportReporter -->
<testsuite skipped="1" hostname="lenovo" name="excel_Data_Provider.Test_Data_Provider" tests="1" failures="0" timestamp="08 Feb 2018 03:34:05 GMT" time="0.000" errors="0">
  <testcase name="Signup_Amazon" time="0.000" classname="excel_Data_Provider.Test_Data_Provider">
    <skipped/>
  </testcase> <!-- Signup_Amazon -->
</testsuite> <!-- excel_Data_Provider.Test_Data_Provider -->
